2023-09-11 16:11:07,006 INFO o.h.v.i.u.Version [background-preinit] HV000001: Hibernate Validator 8.0.1.Final
2023-09-11 16:11:07,056 INFO o.s.b.StartupInfoLogger [main] Starting SmsApplication using Java 20.0.2 with PID 16236 (C:\Users\onsal\OneDrive\Masaüstü\ideaProjects\demo3\target\classes started by onsal in C:\Users\onsal\OneDrive\Masaüstü\ideaProjects\demo3)
2023-09-11 16:11:07,057 INFO o.s.b.SpringApplication [main] No active profile set, falling back to 1 default profile: "default"
2023-09-11 16:11:07,804 INFO o.s.d.r.c.RepositoryConfigurationDelegate [main] Bootstrapping Spring Data JPA repositories in DEFAULT mode.
2023-09-11 16:11:07,866 INFO o.s.d.r.c.RepositoryConfigurationDelegate [main] Finished Spring Data repository scanning in 55 ms. Found 3 JPA repository interfaces.
2023-09-11 16:11:08,355 INFO o.s.b.w.e.t.TomcatWebServer [main] Tomcat initialized with port(s): 8080 (http)
2023-09-11 16:11:08,455 INFO o.s.b.w.s.c.ServletWebServerApplicationContext [main] Root WebApplicationContext: initialization completed in 1352 ms
2023-09-11 16:11:08,603 INFO o.h.j.i.u.LogHelper [main] HHH000204: Processing PersistenceUnitInfo [name: default]
2023-09-11 16:11:08,675 INFO o.h.Version [main] HHH000412: Hibernate ORM core version 6.2.6.Final
2023-09-11 16:11:08,678 INFO o.h.c.Environment [main] HHH000406: Using bytecode reflection optimizer
2023-09-11 16:11:08,843 INFO o.h.b.i.BytecodeProviderInitiator [main] HHH000021: Bytecode provider name : bytebuddy
2023-09-11 16:11:08,990 INFO o.s.o.j.p.SpringPersistenceUnitInfo [main] No LoadTimeWeaver setup: ignoring JPA class transformer
2023-09-11 16:11:09,007 INFO c.z.h.HikariDataSource [main] HikariPool-1 - Starting...
2023-09-11 16:11:09,205 INFO c.z.h.p.HikariPool [main] HikariPool-1 - Added connection org.postgresql.jdbc.PgConnection@ce655b9
2023-09-11 16:11:09,207 INFO c.z.h.HikariDataSource [main] HikariPool-1 - Start completed.
2023-09-11 16:11:09,529 INFO o.h.b.i.BytecodeProviderInitiator [main] HHH000021: Bytecode provider name : bytebuddy
2023-09-11 16:11:10,246 INFO o.h.e.t.j.p.i.JtaPlatformInitiator [main] HHH000490: Using JtaPlatform implementation: [org.hibernate.engine.transaction.jta.platform.internal.NoJtaPlatform]
2023-09-11 16:11:10,381 INFO o.s.o.j.AbstractEntityManagerFactoryBean [main] Initialized JPA EntityManagerFactory for persistence unit 'default'
2023-09-11 16:11:10,618 INFO o.s.d.j.r.q.QueryEnhancerFactory [main] Hibernate is in classpath; If applicable, HQL parser will be used.
2023-09-11 16:11:11,165 WARN o.s.b.a.o.j.JpaBaseConfiguration$JpaWebConfiguration [main] spring.jpa.open-in-view is enabled by default. Therefore, database queries may be performed during view rendering. Explicitly configure spring.jpa.open-in-view to disable this warning
2023-09-11 16:11:11,542 INFO o.s.b.w.e.t.TomcatWebServer [main] Tomcat started on port(s): 8080 (http) with context path ''
2023-09-11 16:11:11,549 INFO o.s.b.StartupInfoLogger [main] Started SmsApplication in 5.051 seconds (process running for 5.644)
2023-09-11 16:12:15,311 INFO o.s.w.s.FrameworkServlet [http-nio-8080-exec-1] Initializing Servlet 'dispatcherServlet'
2023-09-11 16:12:15,313 INFO o.s.w.s.FrameworkServlet [http-nio-8080-exec-1] Completed initialization in 2 ms
2023-09-11 16:12:15,775 INFO o.s.a.AbstractOpenApiResource [http-nio-8080-exec-3] Init duration for springdoc-openapi is: 290 ms
2023-09-11 16:12:20,069 INFO c.s.m.c.TeacherController [http-nio-8080-exec-6] get teachers methodu çalıştı
2023-09-11 16:15:54,652 INFO o.s.o.j.AbstractEntityManagerFactoryBean [SpringApplicationShutdownHook] Closing JPA EntityManagerFactory for persistence unit 'default'
2023-09-11 16:15:54,655 INFO c.z.h.HikariDataSource [SpringApplicationShutdownHook] HikariPool-1 - Shutdown initiated...
2023-09-11 16:15:54,660 INFO c.z.h.HikariDataSource [SpringApplicationShutdownHook] HikariPool-1 - Shutdown completed.
