2023-09-11 16:15:58,247 INFO o.h.v.i.u.Version [background-preinit] HV000001: Hibernate Validator 8.0.1.Final
2023-09-11 16:15:58,286 INFO o.s.b.StartupInfoLogger [main] Starting SmsApplication using Java 20.0.2 with PID 8744 (C:\Users\onsal\OneDrive\Masaüstü\ideaProjects\demo3\target\classes started by onsal in C:\Users\onsal\OneDrive\Masaüstü\ideaProjects\demo3)
2023-09-11 16:15:58,287 INFO o.s.b.SpringApplication [main] No active profile set, falling back to 1 default profile: "default"
2023-09-11 16:15:58,963 INFO o.s.d.r.c.RepositoryConfigurationDelegate [main] Bootstrapping Spring Data JPA repositories in DEFAULT mode.
2023-09-11 16:15:59,018 INFO o.s.d.r.c.RepositoryConfigurationDelegate [main] Finished Spring Data repository scanning in 47 ms. Found 3 JPA repository interfaces.
2023-09-11 16:15:59,509 INFO o.s.b.w.e.t.TomcatWebServer [main] Tomcat initialized with port(s): 8080 (http)
2023-09-11 16:15:59,606 INFO o.s.b.w.s.c.ServletWebServerApplicationContext [main] Root WebApplicationContext: initialization completed in 1278 ms
2023-09-11 16:15:59,742 INFO o.h.j.i.u.LogHelper [main] HHH000204: Processing PersistenceUnitInfo [name: default]
2023-09-11 16:15:59,813 INFO o.h.Version [main] HHH000412: Hibernate ORM core version 6.2.6.Final
2023-09-11 16:15:59,815 INFO o.h.c.Environment [main] HHH000406: Using bytecode reflection optimizer
2023-09-11 16:15:59,963 INFO o.h.b.i.BytecodeProviderInitiator [main] HHH000021: Bytecode provider name : bytebuddy
2023-09-11 16:16:00,101 INFO o.s.o.j.p.SpringPersistenceUnitInfo [main] No LoadTimeWeaver setup: ignoring JPA class transformer
2023-09-11 16:16:00,119 INFO c.z.h.HikariDataSource [main] HikariPool-1 - Starting...
2023-09-11 16:16:00,283 INFO c.z.h.p.HikariPool [main] HikariPool-1 - Added connection org.postgresql.jdbc.PgConnection@5ad57e90
2023-09-11 16:16:00,284 INFO c.z.h.HikariDataSource [main] HikariPool-1 - Start completed.
2023-09-11 16:16:00,557 INFO o.h.b.i.BytecodeProviderInitiator [main] HHH000021: Bytecode provider name : bytebuddy
2023-09-11 16:16:01,241 INFO o.h.e.t.j.p.i.JtaPlatformInitiator [main] HHH000490: Using JtaPlatform implementation: [org.hibernate.engine.transaction.jta.platform.internal.NoJtaPlatform]
2023-09-11 16:16:01,350 INFO o.s.o.j.AbstractEntityManagerFactoryBean [main] Initialized JPA EntityManagerFactory for persistence unit 'default'
2023-09-11 16:16:01,561 INFO o.s.d.j.r.q.QueryEnhancerFactory [main] Hibernate is in classpath; If applicable, HQL parser will be used.
2023-09-11 16:16:02,050 WARN o.s.b.a.o.j.JpaBaseConfiguration$JpaWebConfiguration [main] spring.jpa.open-in-view is enabled by default. Therefore, database queries may be performed during view rendering. Explicitly configure spring.jpa.open-in-view to disable this warning
2023-09-11 16:16:02,432 INFO o.s.b.w.e.t.TomcatWebServer [main] Tomcat started on port(s): 8080 (http) with context path ''
2023-09-11 16:16:02,439 INFO o.s.b.StartupInfoLogger [main] Started SmsApplication in 4.656 seconds (process running for 5.272)
2023-09-11 16:16:06,942 INFO o.s.w.s.FrameworkServlet [http-nio-8080-exec-1] Initializing Servlet 'dispatcherServlet'
2023-09-11 16:16:06,944 INFO o.s.w.s.FrameworkServlet [http-nio-8080-exec-1] Completed initialization in 1 ms
2023-09-11 16:16:06,974 INFO c.s.m.c.TeacherController [http-nio-8080-exec-1] get teachers methodu çalıştı
2023-09-11 16:16:26,102 INFO o.s.o.j.AbstractEntityManagerFactoryBean [SpringApplicationShutdownHook] Closing JPA EntityManagerFactory for persistence unit 'default'
2023-09-11 16:16:26,104 INFO c.z.h.HikariDataSource [SpringApplicationShutdownHook] HikariPool-1 - Shutdown initiated...
2023-09-11 16:16:26,107 INFO c.z.h.HikariDataSource [SpringApplicationShutdownHook] HikariPool-1 - Shutdown completed.
2023-09-11 16:16:30,983 INFO o.h.v.i.u.Version [background-preinit] HV000001: Hibernate Validator 8.0.1.Final
2023-09-11 16:16:31,024 INFO o.s.b.StartupInfoLogger [main] Starting SmsApplication using Java 20.0.2 with PID 2052 (C:\Users\onsal\OneDrive\Masaüstü\ideaProjects\demo3\target\classes started by onsal in C:\Users\onsal\OneDrive\Masaüstü\ideaProjects\demo3)
2023-09-11 16:16:31,025 INFO o.s.b.SpringApplication [main] No active profile set, falling back to 1 default profile: "default"
2023-09-11 16:16:31,686 INFO o.s.d.r.c.RepositoryConfigurationDelegate [main] Bootstrapping Spring Data JPA repositories in DEFAULT mode.
2023-09-11 16:16:31,739 INFO o.s.d.r.c.RepositoryConfigurationDelegate [main] Finished Spring Data repository scanning in 47 ms. Found 3 JPA repository interfaces.
2023-09-11 16:16:32,168 INFO o.s.b.w.e.t.TomcatWebServer [main] Tomcat initialized with port(s): 8080 (http)
2023-09-11 16:16:32,305 INFO o.s.b.w.s.c.ServletWebServerApplicationContext [main] Root WebApplicationContext: initialization completed in 1232 ms
2023-09-11 16:16:32,429 INFO o.h.j.i.u.LogHelper [main] HHH000204: Processing PersistenceUnitInfo [name: default]
2023-09-11 16:16:32,481 INFO o.h.Version [main] HHH000412: Hibernate ORM core version 6.2.6.Final
2023-09-11 16:16:32,483 INFO o.h.c.Environment [main] HHH000406: Using bytecode reflection optimizer
2023-09-11 16:16:32,602 INFO o.h.b.i.BytecodeProviderInitiator [main] HHH000021: Bytecode provider name : bytebuddy
2023-09-11 16:16:32,714 INFO o.s.o.j.p.SpringPersistenceUnitInfo [main] No LoadTimeWeaver setup: ignoring JPA class transformer
2023-09-11 16:16:32,729 INFO c.z.h.HikariDataSource [main] HikariPool-1 - Starting...
2023-09-11 16:16:32,876 INFO c.z.h.p.HikariPool [main] HikariPool-1 - Added connection org.postgresql.jdbc.PgConnection@44abdb1f
2023-09-11 16:16:32,878 INFO c.z.h.HikariDataSource [main] HikariPool-1 - Start completed.
2023-09-11 16:16:33,113 INFO o.h.b.i.BytecodeProviderInitiator [main] HHH000021: Bytecode provider name : bytebuddy
2023-09-11 16:16:33,726 INFO o.h.e.t.j.p.i.JtaPlatformInitiator [main] HHH000490: Using JtaPlatform implementation: [org.hibernate.engine.transaction.jta.platform.internal.NoJtaPlatform]
2023-09-11 16:16:33,833 INFO o.s.o.j.AbstractEntityManagerFactoryBean [main] Initialized JPA EntityManagerFactory for persistence unit 'default'
2023-09-11 16:16:34,045 INFO o.s.d.j.r.q.QueryEnhancerFactory [main] Hibernate is in classpath; If applicable, HQL parser will be used.
2023-09-11 16:16:34,521 WARN o.s.b.a.o.j.JpaBaseConfiguration$JpaWebConfiguration [main] spring.jpa.open-in-view is enabled by default. Therefore, database queries may be performed during view rendering. Explicitly configure spring.jpa.open-in-view to disable this warning
2023-09-11 16:16:34,853 INFO o.s.b.w.e.t.TomcatWebServer [main] Tomcat started on port(s): 8080 (http) with context path ''
2023-09-11 16:16:34,861 INFO o.s.b.StartupInfoLogger [main] Started SmsApplication in 4.355 seconds (process running for 4.919)
2023-09-11 16:16:47,711 INFO o.s.w.s.FrameworkServlet [http-nio-8080-exec-1] Initializing Servlet 'dispatcherServlet'
2023-09-11 16:16:47,713 INFO o.s.w.s.FrameworkServlet [http-nio-8080-exec-1] Completed initialization in 2 ms
2023-09-11 16:16:47,735 INFO c.s.m.c.TeacherController [http-nio-8080-exec-1] get teachers methodu çalıştı
2023-09-11 16:17:01,159 INFO o.s.o.j.AbstractEntityManagerFactoryBean [SpringApplicationShutdownHook] Closing JPA EntityManagerFactory for persistence unit 'default'
2023-09-11 16:17:01,161 INFO c.z.h.HikariDataSource [SpringApplicationShutdownHook] HikariPool-1 - Shutdown initiated...
2023-09-11 16:17:01,164 INFO c.z.h.HikariDataSource [SpringApplicationShutdownHook] HikariPool-1 - Shutdown completed.
2023-09-11 16:24:18,909 INFO o.h.v.i.u.Version [background-preinit] HV000001: Hibernate Validator 8.0.1.Final
2023-09-11 16:24:18,947 INFO o.s.b.StartupInfoLogger [main] Starting SmsApplication using Java 20.0.2 with PID 14352 (C:\Users\onsal\OneDrive\Masaüstü\ideaProjects\demo3\target\classes started by onsal in C:\Users\onsal\OneDrive\Masaüstü\ideaProjects\demo3)
2023-09-11 16:24:18,948 INFO o.s.b.SpringApplication [main] No active profile set, falling back to 1 default profile: "default"
2023-09-11 16:24:19,546 INFO o.s.d.r.c.RepositoryConfigurationDelegate [main] Bootstrapping Spring Data JPA repositories in DEFAULT mode.
2023-09-11 16:24:19,594 INFO o.s.d.r.c.RepositoryConfigurationDelegate [main] Finished Spring Data repository scanning in 41 ms. Found 3 JPA repository interfaces.
2023-09-11 16:24:19,979 INFO o.s.b.w.e.t.TomcatWebServer [main] Tomcat initialized with port(s): 8080 (http)
2023-09-11 16:24:20,059 INFO o.s.b.w.s.c.ServletWebServerApplicationContext [main] Root WebApplicationContext: initialization completed in 1077 ms
2023-09-11 16:24:20,178 INFO o.h.j.i.u.LogHelper [main] HHH000204: Processing PersistenceUnitInfo [name: default]
2023-09-11 16:24:20,237 INFO o.h.Version [main] HHH000412: Hibernate ORM core version 6.2.6.Final
2023-09-11 16:24:20,239 INFO o.h.c.Environment [main] HHH000406: Using bytecode reflection optimizer
2023-09-11 16:24:20,367 INFO o.h.b.i.BytecodeProviderInitiator [main] HHH000021: Bytecode provider name : bytebuddy
2023-09-11 16:24:20,481 INFO o.s.o.j.p.SpringPersistenceUnitInfo [main] No LoadTimeWeaver setup: ignoring JPA class transformer
2023-09-11 16:24:20,494 INFO c.z.h.HikariDataSource [main] HikariPool-1 - Starting...
2023-09-11 16:24:20,646 INFO c.z.h.p.HikariPool [main] HikariPool-1 - Added connection org.postgresql.jdbc.PgConnection@32e697ac
2023-09-11 16:24:20,647 INFO c.z.h.HikariDataSource [main] HikariPool-1 - Start completed.
2023-09-11 16:24:20,878 INFO o.h.b.i.BytecodeProviderInitiator [main] HHH000021: Bytecode provider name : bytebuddy
2023-09-11 16:24:21,445 INFO o.h.e.t.j.p.i.JtaPlatformInitiator [main] HHH000490: Using JtaPlatform implementation: [org.hibernate.engine.transaction.jta.platform.internal.NoJtaPlatform]
2023-09-11 16:24:21,549 INFO o.s.o.j.AbstractEntityManagerFactoryBean [main] Initialized JPA EntityManagerFactory for persistence unit 'default'
2023-09-11 16:24:21,736 INFO o.s.d.j.r.q.QueryEnhancerFactory [main] Hibernate is in classpath; If applicable, HQL parser will be used.
2023-09-11 16:24:22,157 WARN o.s.b.a.o.j.JpaBaseConfiguration$JpaWebConfiguration [main] spring.jpa.open-in-view is enabled by default. Therefore, database queries may be performed during view rendering. Explicitly configure spring.jpa.open-in-view to disable this warning
2023-09-11 16:24:22,464 INFO o.s.b.w.e.t.TomcatWebServer [main] Tomcat started on port(s): 8080 (http) with context path ''
2023-09-11 16:24:22,470 INFO o.s.b.StartupInfoLogger [main] Started SmsApplication in 3.956 seconds (process running for 4.485)
2023-09-11 16:24:26,600 INFO o.s.w.s.FrameworkServlet [http-nio-8080-exec-1] Initializing Servlet 'dispatcherServlet'
2023-09-11 16:24:26,600 INFO o.s.w.s.FrameworkServlet [http-nio-8080-exec-1] Completed initialization in 0 ms
2023-09-11 16:24:26,622 INFO c.s.m.c.TeacherController [http-nio-8080-exec-1] get teachers methodu çalıştı
2023-09-11 16:24:37,828 INFO c.s.m.c.TeacherController [http-nio-8080-exec-2] teacher deleted with id: 1
2023-09-11 16:25:01,488 INFO o.s.o.j.AbstractEntityManagerFactoryBean [SpringApplicationShutdownHook] Closing JPA EntityManagerFactory for persistence unit 'default'
2023-09-11 16:25:01,489 INFO c.z.h.HikariDataSource [SpringApplicationShutdownHook] HikariPool-1 - Shutdown initiated...
2023-09-11 16:25:01,491 INFO c.z.h.HikariDataSource [SpringApplicationShutdownHook] HikariPool-1 - Shutdown completed.
2023-09-11 16:25:34,885 INFO o.h.v.i.u.Version [background-preinit] HV000001: Hibernate Validator 8.0.1.Final
2023-09-11 16:25:34,919 INFO o.s.b.StartupInfoLogger [main] Starting SmsApplication using Java 20.0.2 with PID 17692 (C:\Users\onsal\OneDrive\Masaüstü\ideaProjects\demo3\target\classes started by onsal in C:\Users\onsal\OneDrive\Masaüstü\ideaProjects\demo3)
2023-09-11 16:25:34,920 INFO o.s.b.SpringApplication [main] No active profile set, falling back to 1 default profile: "default"
2023-09-11 16:25:35,447 INFO o.s.d.r.c.RepositoryConfigurationDelegate [main] Bootstrapping Spring Data JPA repositories in DEFAULT mode.
2023-09-11 16:25:35,489 INFO o.s.d.r.c.RepositoryConfigurationDelegate [main] Finished Spring Data repository scanning in 37 ms. Found 3 JPA repository interfaces.
2023-09-11 16:25:35,838 INFO o.s.b.w.e.t.TomcatWebServer [main] Tomcat initialized with port(s): 8080 (http)
2023-09-11 16:25:35,910 INFO o.s.b.w.s.c.ServletWebServerApplicationContext [main] Root WebApplicationContext: initialization completed in 956 ms
2023-09-11 16:25:36,009 INFO o.h.j.i.u.LogHelper [main] HHH000204: Processing PersistenceUnitInfo [name: default]
2023-09-11 16:25:36,044 INFO o.h.Version [main] HHH000412: Hibernate ORM core version 6.2.6.Final
2023-09-11 16:25:36,046 INFO o.h.c.Environment [main] HHH000406: Using bytecode reflection optimizer
2023-09-11 16:25:36,150 INFO o.h.b.i.BytecodeProviderInitiator [main] HHH000021: Bytecode provider name : bytebuddy
2023-09-11 16:25:36,241 INFO o.s.o.j.p.SpringPersistenceUnitInfo [main] No LoadTimeWeaver setup: ignoring JPA class transformer
2023-09-11 16:25:36,253 INFO c.z.h.HikariDataSource [main] HikariPool-1 - Starting...
2023-09-11 16:25:36,376 INFO c.z.h.p.HikariPool [main] HikariPool-1 - Added connection org.postgresql.jdbc.PgConnection@32e697ac
2023-09-11 16:25:36,377 INFO c.z.h.HikariDataSource [main] HikariPool-1 - Start completed.
2023-09-11 16:25:36,573 INFO o.h.b.i.BytecodeProviderInitiator [main] HHH000021: Bytecode provider name : bytebuddy
2023-09-11 16:25:37,095 INFO o.h.e.t.j.p.i.JtaPlatformInitiator [main] HHH000490: Using JtaPlatform implementation: [org.hibernate.engine.transaction.jta.platform.internal.NoJtaPlatform]
2023-09-11 16:25:37,183 INFO o.s.o.j.AbstractEntityManagerFactoryBean [main] Initialized JPA EntityManagerFactory for persistence unit 'default'
2023-09-11 16:25:37,349 INFO o.s.d.j.r.q.QueryEnhancerFactory [main] Hibernate is in classpath; If applicable, HQL parser will be used.
2023-09-11 16:25:37,745 WARN o.s.b.a.o.j.JpaBaseConfiguration$JpaWebConfiguration [main] spring.jpa.open-in-view is enabled by default. Therefore, database queries may be performed during view rendering. Explicitly configure spring.jpa.open-in-view to disable this warning
2023-09-11 16:25:38,026 INFO o.s.b.w.e.t.TomcatWebServer [main] Tomcat started on port(s): 8080 (http) with context path ''
2023-09-11 16:25:38,033 INFO o.s.b.StartupInfoLogger [main] Started SmsApplication in 3.5 seconds (process running for 3.956)
2023-09-11 16:25:44,495 INFO o.s.w.s.FrameworkServlet [http-nio-8080-exec-1] Initializing Servlet 'dispatcherServlet'
2023-09-11 16:25:44,495 INFO o.s.w.s.FrameworkServlet [http-nio-8080-exec-1] Completed initialization in 0 ms
2023-09-11 16:25:44,518 INFO c.s.m.c.TeacherController [http-nio-8080-exec-1] get teachers methodu çalıştı
2023-09-11 16:26:04,245 INFO c.s.m.c.TeacherController [http-nio-8080-exec-4] teacher created with nameOmer
2023-09-11 16:26:10,695 INFO c.s.m.c.TeacherController [http-nio-8080-exec-5] get teachers methodu çalıştı
2023-09-11 16:45:36,255 INFO o.s.o.j.AbstractEntityManagerFactoryBean [SpringApplicationShutdownHook] Closing JPA EntityManagerFactory for persistence unit 'default'
2023-09-11 16:45:36,259 INFO c.z.h.HikariDataSource [SpringApplicationShutdownHook] HikariPool-1 - Shutdown initiated...
2023-09-11 16:45:36,263 INFO c.z.h.HikariDataSource [SpringApplicationShutdownHook] HikariPool-1 - Shutdown completed.
2023-09-11 16:46:57,372 INFO o.h.v.i.u.Version [background-preinit] HV000001: Hibernate Validator 8.0.1.Final
2023-09-11 16:46:57,404 INFO o.s.b.StartupInfoLogger [main] Starting SmsApplication using Java 20.0.2 with PID 5416 (C:\Users\onsal\OneDrive\Masaüstü\ideaProjects\demo3\target\classes started by onsal in C:\Users\onsal\OneDrive\Masaüstü\ideaProjects\demo3)
2023-09-11 16:46:57,405 INFO o.s.b.SpringApplication [main] No active profile set, falling back to 1 default profile: "default"
2023-09-11 16:46:57,914 INFO o.s.d.r.c.RepositoryConfigurationDelegate [main] Bootstrapping Spring Data JPA repositories in DEFAULT mode.
2023-09-11 16:46:57,954 INFO o.s.d.r.c.RepositoryConfigurationDelegate [main] Finished Spring Data repository scanning in 35 ms. Found 3 JPA repository interfaces.
2023-09-11 16:46:58,309 INFO o.s.b.w.e.t.TomcatWebServer [main] Tomcat initialized with port(s): 8080 (http)
2023-09-11 16:46:58,387 INFO o.s.b.w.s.c.ServletWebServerApplicationContext [main] Root WebApplicationContext: initialization completed in 951 ms
2023-09-11 16:46:58,486 INFO o.h.j.i.u.LogHelper [main] HHH000204: Processing PersistenceUnitInfo [name: default]
2023-09-11 16:46:58,543 INFO o.h.Version [main] HHH000412: Hibernate ORM core version 6.2.6.Final
2023-09-11 16:46:58,545 INFO o.h.c.Environment [main] HHH000406: Using bytecode reflection optimizer
2023-09-11 16:46:58,671 INFO o.h.b.i.BytecodeProviderInitiator [main] HHH000021: Bytecode provider name : bytebuddy
2023-09-11 16:46:58,777 INFO o.s.o.j.p.SpringPersistenceUnitInfo [main] No LoadTimeWeaver setup: ignoring JPA class transformer
2023-09-11 16:46:58,790 INFO c.z.h.HikariDataSource [main] HikariPool-1 - Starting...
2023-09-11 16:46:58,919 INFO c.z.h.p.HikariPool [main] HikariPool-1 - Added connection org.postgresql.jdbc.PgConnection@78128dd0
2023-09-11 16:46:58,920 INFO c.z.h.HikariDataSource [main] HikariPool-1 - Start completed.
2023-09-11 16:46:59,146 INFO o.h.b.i.BytecodeProviderInitiator [main] HHH000021: Bytecode provider name : bytebuddy
2023-09-11 16:46:59,732 INFO o.h.e.t.j.p.i.JtaPlatformInitiator [main] HHH000490: Using JtaPlatform implementation: [org.hibernate.engine.transaction.jta.platform.internal.NoJtaPlatform]
2023-09-11 16:46:59,819 INFO o.s.o.j.AbstractEntityManagerFactoryBean [main] Initialized JPA EntityManagerFactory for persistence unit 'default'
2023-09-11 16:46:59,987 INFO o.s.d.j.r.q.QueryEnhancerFactory [main] Hibernate is in classpath; If applicable, HQL parser will be used.
2023-09-11 16:47:00,392 WARN o.s.b.a.o.j.JpaBaseConfiguration$JpaWebConfiguration [main] spring.jpa.open-in-view is enabled by default. Therefore, database queries may be performed during view rendering. Explicitly configure spring.jpa.open-in-view to disable this warning
2023-09-11 16:47:00,668 INFO o.s.b.w.e.t.TomcatWebServer [main] Tomcat started on port(s): 8080 (http) with context path ''
2023-09-11 16:47:00,675 INFO o.s.b.StartupInfoLogger [main] Started SmsApplication in 3.655 seconds (process running for 4.139)
2023-09-11 16:47:07,943 INFO o.s.w.s.FrameworkServlet [http-nio-8080-exec-1] Initializing Servlet 'dispatcherServlet'
2023-09-11 16:47:07,948 INFO o.s.w.s.FrameworkServlet [http-nio-8080-exec-1] Completed initialization in 5 ms
2023-09-11 16:47:07,970 INFO c.s.m.c.StudentController [http-nio-8080-exec-1] get students methodu çalıştı: 
2023-09-11 16:50:37,932 INFO o.s.o.j.AbstractEntityManagerFactoryBean [SpringApplicationShutdownHook] Closing JPA EntityManagerFactory for persistence unit 'default'
2023-09-11 16:50:37,934 INFO c.z.h.HikariDataSource [SpringApplicationShutdownHook] HikariPool-1 - Shutdown initiated...
2023-09-11 16:50:37,935 INFO c.z.h.HikariDataSource [SpringApplicationShutdownHook] HikariPool-1 - Shutdown completed.
2023-09-11 16:50:40,806 INFO o.h.v.i.u.Version [background-preinit] HV000001: Hibernate Validator 8.0.1.Final
2023-09-11 16:50:40,837 INFO o.s.b.StartupInfoLogger [main] Starting SmsApplication using Java 20.0.2 with PID 16844 (C:\Users\onsal\OneDrive\Masaüstü\ideaProjects\demo3\target\classes started by onsal in C:\Users\onsal\OneDrive\Masaüstü\ideaProjects\demo3)
2023-09-11 16:50:40,838 INFO o.s.b.SpringApplication [main] No active profile set, falling back to 1 default profile: "default"
2023-09-11 16:50:41,375 INFO o.s.d.r.c.RepositoryConfigurationDelegate [main] Bootstrapping Spring Data JPA repositories in DEFAULT mode.
2023-09-11 16:50:41,429 INFO o.s.d.r.c.RepositoryConfigurationDelegate [main] Finished Spring Data repository scanning in 47 ms. Found 3 JPA repository interfaces.
2023-09-11 16:50:41,779 INFO o.s.b.w.e.t.TomcatWebServer [main] Tomcat initialized with port(s): 8080 (http)
2023-09-11 16:50:41,849 INFO o.s.b.w.s.c.ServletWebServerApplicationContext [main] Root WebApplicationContext: initialization completed in 979 ms
2023-09-11 16:50:41,941 INFO o.h.j.i.u.LogHelper [main] HHH000204: Processing PersistenceUnitInfo [name: default]
2023-09-11 16:50:41,980 INFO o.h.Version [main] HHH000412: Hibernate ORM core version 6.2.6.Final
2023-09-11 16:50:41,981 INFO o.h.c.Environment [main] HHH000406: Using bytecode reflection optimizer
2023-09-11 16:50:42,085 INFO o.h.b.i.BytecodeProviderInitiator [main] HHH000021: Bytecode provider name : bytebuddy
2023-09-11 16:50:42,181 INFO o.s.o.j.p.SpringPersistenceUnitInfo [main] No LoadTimeWeaver setup: ignoring JPA class transformer
2023-09-11 16:50:42,193 INFO c.z.h.HikariDataSource [main] HikariPool-1 - Starting...
2023-09-11 16:50:42,316 INFO c.z.h.p.HikariPool [main] HikariPool-1 - Added connection org.postgresql.jdbc.PgConnection@3866c96e
2023-09-11 16:50:42,317 INFO c.z.h.HikariDataSource [main] HikariPool-1 - Start completed.
2023-09-11 16:50:42,508 INFO o.h.b.i.BytecodeProviderInitiator [main] HHH000021: Bytecode provider name : bytebuddy
2023-09-11 16:50:43,019 INFO o.h.e.t.j.p.i.JtaPlatformInitiator [main] HHH000490: Using JtaPlatform implementation: [org.hibernate.engine.transaction.jta.platform.internal.NoJtaPlatform]
2023-09-11 16:50:43,103 INFO o.s.o.j.AbstractEntityManagerFactoryBean [main] Initialized JPA EntityManagerFactory for persistence unit 'default'
2023-09-11 16:50:43,273 INFO o.s.d.j.r.q.QueryEnhancerFactory [main] Hibernate is in classpath; If applicable, HQL parser will be used.
2023-09-11 16:50:43,662 WARN o.s.b.a.o.j.JpaBaseConfiguration$JpaWebConfiguration [main] spring.jpa.open-in-view is enabled by default. Therefore, database queries may be performed during view rendering. Explicitly configure spring.jpa.open-in-view to disable this warning
2023-09-11 16:50:43,939 INFO o.s.b.w.e.t.TomcatWebServer [main] Tomcat started on port(s): 8080 (http) with context path ''
2023-09-11 16:50:43,945 INFO o.s.b.StartupInfoLogger [main] Started SmsApplication in 3.486 seconds (process running for 3.937)
2023-09-11 16:50:46,515 INFO o.s.w.s.FrameworkServlet [http-nio-8080-exec-1] Initializing Servlet 'dispatcherServlet'
2023-09-11 16:50:46,516 INFO o.s.w.s.FrameworkServlet [http-nio-8080-exec-1] Completed initialization in 1 ms
2023-09-11 16:51:06,620 INFO o.s.o.j.AbstractEntityManagerFactoryBean [SpringApplicationShutdownHook] Closing JPA EntityManagerFactory for persistence unit 'default'
2023-09-11 16:51:06,622 INFO c.z.h.HikariDataSource [SpringApplicationShutdownHook] HikariPool-1 - Shutdown initiated...
2023-09-11 16:51:06,625 INFO c.z.h.HikariDataSource [SpringApplicationShutdownHook] HikariPool-1 - Shutdown completed.
2023-09-11 16:51:09,610 INFO o.h.v.i.u.Version [background-preinit] HV000001: Hibernate Validator 8.0.1.Final
2023-09-11 16:51:09,642 INFO o.s.b.StartupInfoLogger [main] Starting SmsApplication using Java 20.0.2 with PID 12828 (C:\Users\onsal\OneDrive\Masaüstü\ideaProjects\demo3\target\classes started by onsal in C:\Users\onsal\OneDrive\Masaüstü\ideaProjects\demo3)
2023-09-11 16:51:09,643 INFO o.s.b.SpringApplication [main] No active profile set, falling back to 1 default profile: "default"
2023-09-11 16:51:10,210 INFO o.s.d.r.c.RepositoryConfigurationDelegate [main] Bootstrapping Spring Data JPA repositories in DEFAULT mode.
2023-09-11 16:51:10,254 INFO o.s.d.r.c.RepositoryConfigurationDelegate [main] Finished Spring Data repository scanning in 37 ms. Found 3 JPA repository interfaces.
2023-09-11 16:51:10,584 INFO o.s.b.w.e.t.TomcatWebServer [main] Tomcat initialized with port(s): 8080 (http)
2023-09-11 16:51:10,652 INFO o.s.b.w.s.c.ServletWebServerApplicationContext [main] Root WebApplicationContext: initialization completed in 977 ms
2023-09-11 16:51:10,753 INFO o.h.j.i.u.LogHelper [main] HHH000204: Processing PersistenceUnitInfo [name: default]
2023-09-11 16:51:10,793 INFO o.h.Version [main] HHH000412: Hibernate ORM core version 6.2.6.Final
2023-09-11 16:51:10,795 INFO o.h.c.Environment [main] HHH000406: Using bytecode reflection optimizer
2023-09-11 16:51:10,904 INFO o.h.b.i.BytecodeProviderInitiator [main] HHH000021: Bytecode provider name : bytebuddy
2023-09-11 16:51:10,992 INFO o.s.o.j.p.SpringPersistenceUnitInfo [main] No LoadTimeWeaver setup: ignoring JPA class transformer
2023-09-11 16:51:11,005 INFO c.z.h.HikariDataSource [main] HikariPool-1 - Starting...
2023-09-11 16:51:11,127 INFO c.z.h.p.HikariPool [main] HikariPool-1 - Added connection org.postgresql.jdbc.PgConnection@78128dd0
2023-09-11 16:51:11,128 INFO c.z.h.HikariDataSource [main] HikariPool-1 - Start completed.
2023-09-11 16:51:11,317 INFO o.h.b.i.BytecodeProviderInitiator [main] HHH000021: Bytecode provider name : bytebuddy
2023-09-11 16:51:11,833 INFO o.h.e.t.j.p.i.JtaPlatformInitiator [main] HHH000490: Using JtaPlatform implementation: [org.hibernate.engine.transaction.jta.platform.internal.NoJtaPlatform]
2023-09-11 16:51:11,912 INFO o.s.o.j.AbstractEntityManagerFactoryBean [main] Initialized JPA EntityManagerFactory for persistence unit 'default'
2023-09-11 16:51:12,079 INFO o.s.d.j.r.q.QueryEnhancerFactory [main] Hibernate is in classpath; If applicable, HQL parser will be used.
2023-09-11 16:51:12,461 WARN o.s.b.a.o.j.JpaBaseConfiguration$JpaWebConfiguration [main] spring.jpa.open-in-view is enabled by default. Therefore, database queries may be performed during view rendering. Explicitly configure spring.jpa.open-in-view to disable this warning
2023-09-11 16:51:12,734 INFO o.s.b.w.e.t.TomcatWebServer [main] Tomcat started on port(s): 8080 (http) with context path ''
2023-09-11 16:51:12,741 INFO o.s.b.StartupInfoLogger [main] Started SmsApplication in 3.503 seconds (process running for 3.957)
2023-09-11 16:51:31,698 INFO o.s.w.s.FrameworkServlet [http-nio-8080-exec-1] Initializing Servlet 'dispatcherServlet'
2023-09-11 16:51:31,699 INFO o.s.w.s.FrameworkServlet [http-nio-8080-exec-1] Completed initialization in 1 ms
2023-09-11 16:51:31,762 WARN o.s.w.s.h.AbstractHandlerExceptionResolver [http-nio-8080-exec-1] Resolved [org.springframework.web.bind.MethodArgumentNotValidException: Validation failed for argument [1] in public java.lang.String com.sms.management.controller.StudentController.registerNewStudent(org.springframework.ui.Model,com.sms.management.dto.CreateStudentDto) with 4 errors: [Field error in object 'createStudentDto' on field 'email': rejected value [null]; codes [NotNull.createStudentDto.email,NotNull.email,NotNull.java.lang.String,NotNull]; arguments [org.springframework.context.support.DefaultMessageSourceResolvable: codes [createStudentDto.email,email]; arguments []; default message [email]]; default message [boş değer olamaz]] [Field error in object 'createStudentDto' on field 'name': rejected value [null]; codes [NotEmpty.createStudentDto.name,NotEmpty.name,NotEmpty.java.lang.String,NotEmpty]; arguments [org.springframework.context.support.DefaultMessageSourceResolvable: codes [createStudentDto.name,name]; arguments []; default message [name]]; default message [boş değer olamaz]] [Field error in object 'createStudentDto' on field 'name': rejected value [null]; codes [NotNull.createStudentDto.name,NotNull.name,NotNull.java.lang.String,NotNull]; arguments [org.springframework.context.support.DefaultMessageSourceResolvable: codes [createStudentDto.name,name]; arguments []; default message [name]]; default message [boş değer olamaz]] [Field error in object 'createStudentDto' on field 'email': rejected value [null]; codes [NotEmpty.createStudentDto.email,NotEmpty.email,NotEmpty.java.lang.String,NotEmpty]; arguments [org.springframework.context.support.DefaultMessageSourceResolvable: codes [createStudentDto.email,email]; arguments []; default message [email]]; default message [boş değer olamaz]] ]
2023-09-11 16:52:34,904 INFO o.s.o.j.AbstractEntityManagerFactoryBean [SpringApplicationShutdownHook] Closing JPA EntityManagerFactory for persistence unit 'default'
2023-09-11 16:52:34,905 INFO c.z.h.HikariDataSource [SpringApplicationShutdownHook] HikariPool-1 - Shutdown initiated...
2023-09-11 16:52:34,908 INFO c.z.h.HikariDataSource [SpringApplicationShutdownHook] HikariPool-1 - Shutdown completed.
2023-09-11 16:53:03,450 INFO o.h.v.i.u.Version [background-preinit] HV000001: Hibernate Validator 8.0.1.Final
2023-09-11 16:53:03,481 INFO o.s.b.StartupInfoLogger [main] Starting SmsApplication using Java 20.0.2 with PID 6752 (C:\Users\onsal\OneDrive\Masaüstü\ideaProjects\demo3\target\classes started by onsal in C:\Users\onsal\OneDrive\Masaüstü\ideaProjects\demo3)
2023-09-11 16:53:03,482 INFO o.s.b.SpringApplication [main] No active profile set, falling back to 1 default profile: "default"
2023-09-11 16:53:03,994 INFO o.s.d.r.c.RepositoryConfigurationDelegate [main] Bootstrapping Spring Data JPA repositories in DEFAULT mode.
2023-09-11 16:53:04,035 INFO o.s.d.r.c.RepositoryConfigurationDelegate [main] Finished Spring Data repository scanning in 35 ms. Found 3 JPA repository interfaces.
2023-09-11 16:53:04,366 INFO o.s.b.w.e.t.TomcatWebServer [main] Tomcat initialized with port(s): 8080 (http)
2023-09-11 16:53:04,446 INFO o.s.b.w.s.c.ServletWebServerApplicationContext [main] Root WebApplicationContext: initialization completed in 931 ms
2023-09-11 16:53:04,535 INFO o.h.j.i.u.LogHelper [main] HHH000204: Processing PersistenceUnitInfo [name: default]
2023-09-11 16:53:04,573 INFO o.h.Version [main] HHH000412: Hibernate ORM core version 6.2.6.Final
2023-09-11 16:53:04,574 INFO o.h.c.Environment [main] HHH000406: Using bytecode reflection optimizer
2023-09-11 16:53:04,675 INFO o.h.b.i.BytecodeProviderInitiator [main] HHH000021: Bytecode provider name : bytebuddy
2023-09-11 16:53:04,761 INFO o.s.o.j.p.SpringPersistenceUnitInfo [main] No LoadTimeWeaver setup: ignoring JPA class transformer
2023-09-11 16:53:04,773 INFO c.z.h.HikariDataSource [main] HikariPool-1 - Starting...
2023-09-11 16:53:04,897 INFO c.z.h.p.HikariPool [main] HikariPool-1 - Added connection org.postgresql.jdbc.PgConnection@7d61468c
2023-09-11 16:53:04,899 INFO c.z.h.HikariDataSource [main] HikariPool-1 - Start completed.
2023-09-11 16:53:05,077 INFO o.h.b.i.BytecodeProviderInitiator [main] HHH000021: Bytecode provider name : bytebuddy
2023-09-11 16:53:05,578 INFO o.h.e.t.j.p.i.JtaPlatformInitiator [main] HHH000490: Using JtaPlatform implementation: [org.hibernate.engine.transaction.jta.platform.internal.NoJtaPlatform]
2023-09-11 16:53:05,680 INFO o.s.o.j.AbstractEntityManagerFactoryBean [main] Initialized JPA EntityManagerFactory for persistence unit 'default'
2023-09-11 16:53:05,862 INFO o.s.d.j.r.q.QueryEnhancerFactory [main] Hibernate is in classpath; If applicable, HQL parser will be used.
2023-09-11 16:53:06,252 WARN o.s.b.a.o.j.JpaBaseConfiguration$JpaWebConfiguration [main] spring.jpa.open-in-view is enabled by default. Therefore, database queries may be performed during view rendering. Explicitly configure spring.jpa.open-in-view to disable this warning
2023-09-11 16:53:06,548 INFO o.s.b.w.e.t.TomcatWebServer [main] Tomcat started on port(s): 8080 (http) with context path ''
2023-09-11 16:53:06,554 INFO o.s.b.StartupInfoLogger [main] Started SmsApplication in 3.45 seconds (process running for 3.899)
2023-09-11 16:53:09,913 INFO o.s.w.s.FrameworkServlet [http-nio-8080-exec-1] Initializing Servlet 'dispatcherServlet'
2023-09-11 16:53:09,913 INFO o.s.w.s.FrameworkServlet [http-nio-8080-exec-1] Completed initialization in 0 ms
2023-09-11 16:53:09,941 INFO c.s.m.c.StudentController [http-nio-8080-exec-1] student created with namenull
2023-09-11 16:53:10,065 WARN o.h.e.j.s.SqlExceptionHelper [http-nio-8080-exec-1] SQL Error: 0, SQLState: 23502
2023-09-11 16:53:10,065 ERROR o.h.e.j.s.SqlExceptionHelper [http-nio-8080-exec-1] ERROR: null value in column "dob" of relation "student" violates not-null constraint
  Ayrıntı: Failing row contains (1, null, null, null).
2023-09-11 16:56:56,442 INFO o.s.o.j.AbstractEntityManagerFactoryBean [SpringApplicationShutdownHook] Closing JPA EntityManagerFactory for persistence unit 'default'
2023-09-11 16:56:56,468 INFO c.z.h.HikariDataSource [SpringApplicationShutdownHook] HikariPool-1 - Shutdown initiated...
2023-09-11 16:56:56,480 INFO c.z.h.HikariDataSource [SpringApplicationShutdownHook] HikariPool-1 - Shutdown completed.
2023-09-11 16:57:52,274 INFO o.h.v.i.u.Version [background-preinit] HV000001: Hibernate Validator 8.0.1.Final
2023-09-11 16:57:52,311 INFO o.s.b.StartupInfoLogger [main] Starting SmsApplication using Java 20.0.2 with PID 16648 (C:\Users\onsal\OneDrive\Masaüstü\ideaProjects\demo3\target\classes started by onsal in C:\Users\onsal\OneDrive\Masaüstü\ideaProjects\demo3)
2023-09-11 16:57:52,312 INFO o.s.b.SpringApplication [main] No active profile set, falling back to 1 default profile: "default"
2023-09-11 16:57:52,895 INFO o.s.d.r.c.RepositoryConfigurationDelegate [main] Bootstrapping Spring Data JPA repositories in DEFAULT mode.
2023-09-11 16:57:52,944 INFO o.s.d.r.c.RepositoryConfigurationDelegate [main] Finished Spring Data repository scanning in 42 ms. Found 3 JPA repository interfaces.
2023-09-11 16:57:53,328 INFO o.s.b.w.e.t.TomcatWebServer [main] Tomcat initialized with port(s): 8080 (http)
2023-09-11 16:57:53,406 INFO o.s.b.w.s.c.ServletWebServerApplicationContext [main] Root WebApplicationContext: initialization completed in 1059 ms
2023-09-11 16:57:53,516 INFO o.h.j.i.u.LogHelper [main] HHH000204: Processing PersistenceUnitInfo [name: default]
2023-09-11 16:57:53,572 INFO o.h.Version [main] HHH000412: Hibernate ORM core version 6.2.6.Final
2023-09-11 16:57:53,574 INFO o.h.c.Environment [main] HHH000406: Using bytecode reflection optimizer
2023-09-11 16:57:53,704 INFO o.h.b.i.BytecodeProviderInitiator [main] HHH000021: Bytecode provider name : bytebuddy
2023-09-11 16:57:53,818 INFO o.s.o.j.p.SpringPersistenceUnitInfo [main] No LoadTimeWeaver setup: ignoring JPA class transformer
2023-09-11 16:57:53,832 INFO c.z.h.HikariDataSource [main] HikariPool-1 - Starting...
2023-09-11 16:57:53,975 INFO c.z.h.p.HikariPool [main] HikariPool-1 - Added connection org.postgresql.jdbc.PgConnection@4b98225c
2023-09-11 16:57:53,976 INFO c.z.h.HikariDataSource [main] HikariPool-1 - Start completed.
2023-09-11 16:57:54,198 INFO o.h.b.i.BytecodeProviderInitiator [main] HHH000021: Bytecode provider name : bytebuddy
2023-09-11 16:57:54,754 INFO o.h.e.t.j.p.i.JtaPlatformInitiator [main] HHH000490: Using JtaPlatform implementation: [org.hibernate.engine.transaction.jta.platform.internal.NoJtaPlatform]
2023-09-11 16:57:54,845 INFO o.s.o.j.AbstractEntityManagerFactoryBean [main] Initialized JPA EntityManagerFactory for persistence unit 'default'
2023-09-11 16:57:55,033 INFO o.s.d.j.r.q.QueryEnhancerFactory [main] Hibernate is in classpath; If applicable, HQL parser will be used.
2023-09-11 16:57:55,451 WARN o.s.b.a.o.j.JpaBaseConfiguration$JpaWebConfiguration [main] spring.jpa.open-in-view is enabled by default. Therefore, database queries may be performed during view rendering. Explicitly configure spring.jpa.open-in-view to disable this warning
2023-09-11 16:57:55,751 INFO o.s.b.w.e.t.TomcatWebServer [main] Tomcat started on port(s): 8080 (http) with context path ''
2023-09-11 16:57:55,757 INFO o.s.b.StartupInfoLogger [main] Started SmsApplication in 3.876 seconds (process running for 4.47)
2023-09-11 16:58:03,889 INFO o.s.w.s.FrameworkServlet [http-nio-8080-exec-1] Initializing Servlet 'dispatcherServlet'
2023-09-11 16:58:03,890 INFO o.s.w.s.FrameworkServlet [http-nio-8080-exec-1] Completed initialization in 0 ms
2023-09-11 16:58:03,960 WARN o.s.w.s.h.AbstractHandlerExceptionResolver [http-nio-8080-exec-1] Resolved [org.springframework.web.bind.MethodArgumentNotValidException: Validation failed for argument [1] in public java.lang.String com.sms.management.controller.StudentController.registerNewStudent(org.springframework.ui.Model,com.sms.management.dto.CreateStudentDto) with 5 errors: [Field error in object 'createStudentDto' on field 'email': rejected value [null]; codes [NotEmpty.createStudentDto.email,NotEmpty.email,NotEmpty.java.lang.String,NotEmpty]; arguments [org.springframework.context.support.DefaultMessageSourceResolvable: codes [createStudentDto.email,email]; arguments []; default message [email]]; default message [boş değer olamaz]] [Field error in object 'createStudentDto' on field 'dob': rejected value [null]; codes [NotNull.createStudentDto.dob,NotNull.dob,NotNull.java.time.LocalDate,NotNull]; arguments [org.springframework.context.support.DefaultMessageSourceResolvable: codes [createStudentDto.dob,dob]; arguments []; default message [dob]]; default message [boş değer olamaz]] [Field error in object 'createStudentDto' on field 'email': rejected value [null]; codes [NotNull.createStudentDto.email,NotNull.email,NotNull.java.lang.String,NotNull]; arguments [org.springframework.context.support.DefaultMessageSourceResolvable: codes [createStudentDto.email,email]; arguments []; default message [email]]; default message [boş değer olamaz]] [Field error in object 'createStudentDto' on field 'name': rejected value [null]; codes [NotEmpty.createStudentDto.name,NotEmpty.name,NotEmpty.java.lang.String,NotEmpty]; arguments [org.springframework.context.support.DefaultMessageSourceResolvable: codes [createStudentDto.name,name]; arguments []; default message [name]]; default message [boş değer olamaz]] [Field error in object 'createStudentDto' on field 'name': rejected value [null]; codes [NotNull.createStudentDto.name,NotNull.name,NotNull.java.lang.String,NotNull]; arguments [org.springframework.context.support.DefaultMessageSourceResolvable: codes [createStudentDto.name,name]; arguments []; default message [name]]; default message [boş değer olamaz]] ]
2023-09-11 16:59:21,581 INFO o.s.o.j.AbstractEntityManagerFactoryBean [SpringApplicationShutdownHook] Closing JPA EntityManagerFactory for persistence unit 'default'
2023-09-11 16:59:21,583 INFO c.z.h.HikariDataSource [SpringApplicationShutdownHook] HikariPool-1 - Shutdown initiated...
2023-09-11 16:59:21,586 INFO c.z.h.HikariDataSource [SpringApplicationShutdownHook] HikariPool-1 - Shutdown completed.
2023-09-11 16:59:25,033 INFO o.h.v.i.u.Version [background-preinit] HV000001: Hibernate Validator 8.0.1.Final
2023-09-11 16:59:25,072 INFO o.s.b.StartupInfoLogger [main] Starting SmsApplication using Java 20.0.2 with PID 19180 (C:\Users\onsal\OneDrive\Masaüstü\ideaProjects\demo3\target\classes started by onsal in C:\Users\onsal\OneDrive\Masaüstü\ideaProjects\demo3)
2023-09-11 16:59:25,074 INFO o.s.b.SpringApplication [main] No active profile set, falling back to 1 default profile: "default"
2023-09-11 16:59:25,581 INFO o.s.d.r.c.RepositoryConfigurationDelegate [main] Bootstrapping Spring Data JPA repositories in DEFAULT mode.
2023-09-11 16:59:25,621 INFO o.s.d.r.c.RepositoryConfigurationDelegate [main] Finished Spring Data repository scanning in 36 ms. Found 3 JPA repository interfaces.
2023-09-11 16:59:25,967 INFO o.s.b.w.e.t.TomcatWebServer [main] Tomcat initialized with port(s): 8080 (http)
2023-09-11 16:59:26,042 INFO o.s.b.w.s.c.ServletWebServerApplicationContext [main] Root WebApplicationContext: initialization completed in 932 ms
2023-09-11 16:59:26,147 INFO o.h.j.i.u.LogHelper [main] HHH000204: Processing PersistenceUnitInfo [name: default]
2023-09-11 16:59:26,200 INFO o.h.Version [main] HHH000412: Hibernate ORM core version 6.2.6.Final
2023-09-11 16:59:26,203 INFO o.h.c.Environment [main] HHH000406: Using bytecode reflection optimizer
2023-09-11 16:59:26,315 INFO o.h.b.i.BytecodeProviderInitiator [main] HHH000021: Bytecode provider name : bytebuddy
2023-09-11 16:59:26,419 INFO o.s.o.j.p.SpringPersistenceUnitInfo [main] No LoadTimeWeaver setup: ignoring JPA class transformer
2023-09-11 16:59:26,434 INFO c.z.h.HikariDataSource [main] HikariPool-1 - Starting...
2023-09-11 16:59:26,557 INFO c.z.h.p.HikariPool [main] HikariPool-1 - Added connection org.postgresql.jdbc.PgConnection@5c76fce4
2023-09-11 16:59:26,560 INFO c.z.h.HikariDataSource [main] HikariPool-1 - Start completed.
2023-09-11 16:59:26,778 INFO o.h.b.i.BytecodeProviderInitiator [main] HHH000021: Bytecode provider name : bytebuddy
2023-09-11 16:59:27,338 INFO o.h.e.t.j.p.i.JtaPlatformInitiator [main] HHH000490: Using JtaPlatform implementation: [org.hibernate.engine.transaction.jta.platform.internal.NoJtaPlatform]
2023-09-11 16:59:27,418 INFO o.s.o.j.AbstractEntityManagerFactoryBean [main] Initialized JPA EntityManagerFactory for persistence unit 'default'
2023-09-11 16:59:27,586 INFO o.s.d.j.r.q.QueryEnhancerFactory [main] Hibernate is in classpath; If applicable, HQL parser will be used.
2023-09-11 16:59:27,962 WARN o.s.b.a.o.j.JpaBaseConfiguration$JpaWebConfiguration [main] spring.jpa.open-in-view is enabled by default. Therefore, database queries may be performed during view rendering. Explicitly configure spring.jpa.open-in-view to disable this warning
2023-09-11 16:59:28,230 INFO o.s.b.w.e.t.TomcatWebServer [main] Tomcat started on port(s): 8080 (http) with context path ''
2023-09-11 16:59:28,237 INFO o.s.b.StartupInfoLogger [main] Started SmsApplication in 3.593 seconds (process running for 4.231)
2023-09-11 16:59:41,241 INFO o.s.w.s.FrameworkServlet [http-nio-8080-exec-1] Initializing Servlet 'dispatcherServlet'
2023-09-11 16:59:41,242 INFO o.s.w.s.FrameworkServlet [http-nio-8080-exec-1] Completed initialization in 1 ms
2023-09-11 16:59:41,273 INFO c.s.m.c.StudentController [http-nio-8080-exec-1] student created with namenull
2023-09-11 16:59:41,402 WARN o.h.e.j.s.SqlExceptionHelper [http-nio-8080-exec-1] SQL Error: 0, SQLState: 23502
2023-09-11 16:59:41,402 ERROR o.h.e.j.s.SqlExceptionHelper [http-nio-8080-exec-1] ERROR: null value in column "dob" of relation "student" violates not-null constraint
  Ayrıntı: Failing row contains (2, null, null, null).
2023-09-11 17:00:57,378 INFO o.s.o.j.AbstractEntityManagerFactoryBean [SpringApplicationShutdownHook] Closing JPA EntityManagerFactory for persistence unit 'default'
2023-09-11 17:00:57,380 INFO c.z.h.HikariDataSource [SpringApplicationShutdownHook] HikariPool-1 - Shutdown initiated...
2023-09-11 17:00:57,383 INFO c.z.h.HikariDataSource [SpringApplicationShutdownHook] HikariPool-1 - Shutdown completed.
2023-09-11 17:01:01,402 INFO o.h.v.i.u.Version [background-preinit] HV000001: Hibernate Validator 8.0.1.Final
2023-09-11 17:01:01,436 INFO o.s.b.StartupInfoLogger [main] Starting SmsApplication using Java 20.0.2 with PID 21960 (C:\Users\onsal\OneDrive\Masaüstü\ideaProjects\demo3\target\classes started by onsal in C:\Users\onsal\OneDrive\Masaüstü\ideaProjects\demo3)
2023-09-11 17:01:01,437 INFO o.s.b.SpringApplication [main] No active profile set, falling back to 1 default profile: "default"
2023-09-11 17:01:01,994 INFO o.s.d.r.c.RepositoryConfigurationDelegate [main] Bootstrapping Spring Data JPA repositories in DEFAULT mode.
2023-09-11 17:01:02,036 INFO o.s.d.r.c.RepositoryConfigurationDelegate [main] Finished Spring Data repository scanning in 36 ms. Found 3 JPA repository interfaces.
2023-09-11 17:01:02,389 INFO o.s.b.w.e.t.TomcatWebServer [main] Tomcat initialized with port(s): 8080 (http)
2023-09-11 17:01:02,474 INFO o.s.b.w.s.c.ServletWebServerApplicationContext [main] Root WebApplicationContext: initialization completed in 1001 ms
2023-09-11 17:01:02,587 INFO o.h.j.i.u.LogHelper [main] HHH000204: Processing PersistenceUnitInfo [name: default]
2023-09-11 17:01:02,636 INFO o.h.Version [main] HHH000412: Hibernate ORM core version 6.2.6.Final
2023-09-11 17:01:02,638 INFO o.h.c.Environment [main] HHH000406: Using bytecode reflection optimizer
2023-09-11 17:01:02,749 INFO o.h.b.i.BytecodeProviderInitiator [main] HHH000021: Bytecode provider name : bytebuddy
2023-09-11 17:01:02,846 INFO o.s.o.j.p.SpringPersistenceUnitInfo [main] No LoadTimeWeaver setup: ignoring JPA class transformer
2023-09-11 17:01:02,861 INFO c.z.h.HikariDataSource [main] HikariPool-1 - Starting...
2023-09-11 17:01:02,986 INFO c.z.h.p.HikariPool [main] HikariPool-1 - Added connection org.postgresql.jdbc.PgConnection@5408d4b3
2023-09-11 17:01:02,988 INFO c.z.h.HikariDataSource [main] HikariPool-1 - Start completed.
2023-09-11 17:01:03,200 INFO o.h.b.i.BytecodeProviderInitiator [main] HHH000021: Bytecode provider name : bytebuddy
2023-09-11 17:01:03,740 INFO o.h.e.t.j.p.i.JtaPlatformInitiator [main] HHH000490: Using JtaPlatform implementation: [org.hibernate.engine.transaction.jta.platform.internal.NoJtaPlatform]
2023-09-11 17:01:03,830 INFO o.s.o.j.AbstractEntityManagerFactoryBean [main] Initialized JPA EntityManagerFactory for persistence unit 'default'
2023-09-11 17:01:04,246 WARN o.s.b.a.o.j.JpaBaseConfiguration$JpaWebConfiguration [main] spring.jpa.open-in-view is enabled by default. Therefore, database queries may be performed during view rendering. Explicitly configure spring.jpa.open-in-view to disable this warning
2023-09-11 17:01:04,518 INFO o.s.b.w.e.t.TomcatWebServer [main] Tomcat started on port(s): 8080 (http) with context path ''
2023-09-11 17:01:04,524 INFO o.s.b.StartupInfoLogger [main] Started SmsApplication in 3.52 seconds (process running for 4.065)
2023-09-11 17:01:10,479 INFO o.s.o.j.AbstractEntityManagerFactoryBean [SpringApplicationShutdownHook] Closing JPA EntityManagerFactory for persistence unit 'default'
2023-09-11 17:01:10,481 INFO c.z.h.HikariDataSource [SpringApplicationShutdownHook] HikariPool-1 - Shutdown initiated...
2023-09-11 17:01:10,483 INFO c.z.h.HikariDataSource [SpringApplicationShutdownHook] HikariPool-1 - Shutdown completed.
2023-09-11 17:01:12,337 INFO o.h.v.i.u.Version [background-preinit] HV000001: Hibernate Validator 8.0.1.Final
2023-09-11 17:01:12,367 INFO o.s.b.StartupInfoLogger [main] Starting SmsApplication using Java 20.0.2 with PID 19728 (C:\Users\onsal\OneDrive\Masaüstü\ideaProjects\demo3\target\classes started by onsal in C:\Users\onsal\OneDrive\Masaüstü\ideaProjects\demo3)
2023-09-11 17:01:12,368 INFO o.s.b.SpringApplication [main] No active profile set, falling back to 1 default profile: "default"
2023-09-11 17:01:12,872 INFO o.s.d.r.c.RepositoryConfigurationDelegate [main] Bootstrapping Spring Data JPA repositories in DEFAULT mode.
2023-09-11 17:01:12,914 INFO o.s.d.r.c.RepositoryConfigurationDelegate [main] Finished Spring Data repository scanning in 37 ms. Found 3 JPA repository interfaces.
2023-09-11 17:01:13,264 INFO o.s.b.w.e.t.TomcatWebServer [main] Tomcat initialized with port(s): 8080 (http)
2023-09-11 17:01:13,375 INFO o.s.b.w.s.c.ServletWebServerApplicationContext [main] Root WebApplicationContext: initialization completed in 974 ms
2023-09-11 17:01:13,479 INFO o.h.j.i.u.LogHelper [main] HHH000204: Processing PersistenceUnitInfo [name: default]
2023-09-11 17:01:13,517 INFO o.h.Version [main] HHH000412: Hibernate ORM core version 6.2.6.Final
2023-09-11 17:01:13,519 INFO o.h.c.Environment [main] HHH000406: Using bytecode reflection optimizer
2023-09-11 17:01:13,622 INFO o.h.b.i.BytecodeProviderInitiator [main] HHH000021: Bytecode provider name : bytebuddy
2023-09-11 17:01:13,711 INFO o.s.o.j.p.SpringPersistenceUnitInfo [main] No LoadTimeWeaver setup: ignoring JPA class transformer
2023-09-11 17:01:13,725 INFO c.z.h.HikariDataSource [main] HikariPool-1 - Starting...
2023-09-11 17:01:13,848 INFO c.z.h.p.HikariPool [main] HikariPool-1 - Added connection org.postgresql.jdbc.PgConnection@5c76fce4
2023-09-11 17:01:13,850 INFO c.z.h.HikariDataSource [main] HikariPool-1 - Start completed.
2023-09-11 17:01:14,043 INFO o.h.b.i.BytecodeProviderInitiator [main] HHH000021: Bytecode provider name : bytebuddy
2023-09-11 17:01:14,564 INFO o.h.e.t.j.p.i.JtaPlatformInitiator [main] HHH000490: Using JtaPlatform implementation: [org.hibernate.engine.transaction.jta.platform.internal.NoJtaPlatform]
2023-09-11 17:01:14,660 INFO o.s.o.j.AbstractEntityManagerFactoryBean [main] Initialized JPA EntityManagerFactory for persistence unit 'default'
2023-09-11 17:01:15,051 WARN o.s.b.a.o.j.JpaBaseConfiguration$JpaWebConfiguration [main] spring.jpa.open-in-view is enabled by default. Therefore, database queries may be performed during view rendering. Explicitly configure spring.jpa.open-in-view to disable this warning
2023-09-11 17:01:15,333 INFO o.s.b.w.e.t.TomcatWebServer [main] Tomcat started on port(s): 8080 (http) with context path ''
2023-09-11 17:01:15,339 INFO o.s.b.StartupInfoLogger [main] Started SmsApplication in 3.349 seconds (process running for 3.964)
2023-09-11 17:01:18,123 INFO o.s.w.s.FrameworkServlet [http-nio-8080-exec-1] Initializing Servlet 'dispatcherServlet'
2023-09-11 17:01:18,124 INFO o.s.w.s.FrameworkServlet [http-nio-8080-exec-1] Completed initialization in 1 ms
2023-09-11 17:01:18,639 INFO o.s.a.AbstractOpenApiResource [http-nio-8080-exec-4] Init duration for springdoc-openapi is: 246 ms
2023-09-11 17:01:36,986 WARN o.s.w.s.h.AbstractHandlerExceptionResolver [http-nio-8080-exec-7] Resolved [org.springframework.web.bind.MethodArgumentNotValidException: Validation failed for argument [1] in public java.lang.String com.sms.management.controller.StudentController.registerNewStudent(org.springframework.ui.Model,com.sms.management.dto.CreateStudentDto) with 5 errors: [Field error in object 'createStudentDto' on field 'email': rejected value [null]; codes [NotEmpty.createStudentDto.email,NotEmpty.email,NotEmpty.java.lang.String,NotEmpty]; arguments [org.springframework.context.support.DefaultMessageSourceResolvable: codes [createStudentDto.email,email]; arguments []; default message [email]]; default message [boş değer olamaz]] [Field error in object 'createStudentDto' on field 'name': rejected value [null]; codes [NotNull.createStudentDto.name,NotNull.name,NotNull.java.lang.String,NotNull]; arguments [org.springframework.context.support.DefaultMessageSourceResolvable: codes [createStudentDto.name,name]; arguments []; default message [name]]; default message [boş değer olamaz]] [Field error in object 'createStudentDto' on field 'dob': rejected value [null]; codes [NotNull.createStudentDto.dob,NotNull.dob,NotNull.java.time.LocalDate,NotNull]; arguments [org.springframework.context.support.DefaultMessageSourceResolvable: codes [createStudentDto.dob,dob]; arguments []; default message [dob]]; default message [boş değer olamaz]] [Field error in object 'createStudentDto' on field 'email': rejected value [null]; codes [NotNull.createStudentDto.email,NotNull.email,NotNull.java.lang.String,NotNull]; arguments [org.springframework.context.support.DefaultMessageSourceResolvable: codes [createStudentDto.email,email]; arguments []; default message [email]]; default message [boş değer olamaz]] [Field error in object 'createStudentDto' on field 'name': rejected value [null]; codes [NotEmpty.createStudentDto.name,NotEmpty.name,NotEmpty.java.lang.String,NotEmpty]; arguments [org.springframework.context.support.DefaultMessageSourceResolvable: codes [createStudentDto.name,name]; arguments []; default message [name]]; default message [boş değer olamaz]] ]
2023-09-11 17:04:06,525 INFO c.s.m.c.CourseController [http-nio-8080-exec-8] get created with namefen
2023-09-11 17:04:22,231 INFO c.s.m.c.CourseController [http-nio-8080-exec-10] getCourses methodu çalıştı
2023-09-11 17:06:31,688 INFO o.s.o.j.AbstractEntityManagerFactoryBean [SpringApplicationShutdownHook] Closing JPA EntityManagerFactory for persistence unit 'default'
2023-09-11 17:06:31,693 INFO c.z.h.HikariDataSource [SpringApplicationShutdownHook] HikariPool-1 - Shutdown initiated...
2023-09-11 17:06:31,698 INFO c.z.h.HikariDataSource [SpringApplicationShutdownHook] HikariPool-1 - Shutdown completed.
2023-09-11 17:06:36,268 INFO o.h.v.i.u.Version [background-preinit] HV000001: Hibernate Validator 8.0.1.Final
2023-09-11 17:06:36,308 INFO o.s.b.StartupInfoLogger [main] Starting SmsApplication using Java 20.0.2 with PID 10548 (C:\Users\onsal\OneDrive\Masaüstü\ideaProjects\demo3\target\classes started by onsal in C:\Users\onsal\OneDrive\Masaüstü\ideaProjects\demo3)
2023-09-11 17:06:36,309 INFO o.s.b.SpringApplication [main] No active profile set, falling back to 1 default profile: "default"
2023-09-11 17:06:37,009 INFO o.s.d.r.c.RepositoryConfigurationDelegate [main] Bootstrapping Spring Data JPA repositories in DEFAULT mode.
2023-09-11 17:06:37,067 INFO o.s.d.r.c.RepositoryConfigurationDelegate [main] Finished Spring Data repository scanning in 51 ms. Found 3 JPA repository interfaces.
2023-09-11 17:06:37,531 INFO o.s.b.w.e.t.TomcatWebServer [main] Tomcat initialized with port(s): 8080 (http)
2023-09-11 17:06:37,633 INFO o.s.b.w.s.c.ServletWebServerApplicationContext [main] Root WebApplicationContext: initialization completed in 1274 ms
2023-09-11 17:06:37,771 INFO o.h.j.i.u.LogHelper [main] HHH000204: Processing PersistenceUnitInfo [name: default]
2023-09-11 17:06:37,844 INFO o.h.Version [main] HHH000412: Hibernate ORM core version 6.2.6.Final
2023-09-11 17:06:37,846 INFO o.h.c.Environment [main] HHH000406: Using bytecode reflection optimizer
2023-09-11 17:06:38,000 INFO o.h.b.i.BytecodeProviderInitiator [main] HHH000021: Bytecode provider name : bytebuddy
2023-09-11 17:06:38,136 INFO o.s.o.j.p.SpringPersistenceUnitInfo [main] No LoadTimeWeaver setup: ignoring JPA class transformer
2023-09-11 17:06:38,153 INFO c.z.h.HikariDataSource [main] HikariPool-1 - Starting...
2023-09-11 17:06:38,321 INFO c.z.h.p.HikariPool [main] HikariPool-1 - Added connection org.postgresql.jdbc.PgConnection@21e484b
2023-09-11 17:06:38,323 INFO c.z.h.HikariDataSource [main] HikariPool-1 - Start completed.
2023-09-11 17:06:38,606 INFO o.h.b.i.BytecodeProviderInitiator [main] HHH000021: Bytecode provider name : bytebuddy
2023-09-11 17:06:39,314 INFO o.h.e.t.j.p.i.JtaPlatformInitiator [main] HHH000490: Using JtaPlatform implementation: [org.hibernate.engine.transaction.jta.platform.internal.NoJtaPlatform]
2023-09-11 17:06:39,432 INFO o.s.o.j.AbstractEntityManagerFactoryBean [main] Initialized JPA EntityManagerFactory for persistence unit 'default'
2023-09-11 17:06:39,887 WARN o.s.b.a.o.j.JpaBaseConfiguration$JpaWebConfiguration [main] spring.jpa.open-in-view is enabled by default. Therefore, database queries may be performed during view rendering. Explicitly configure spring.jpa.open-in-view to disable this warning
2023-09-11 17:06:40,248 INFO o.s.b.w.e.t.TomcatWebServer [main] Tomcat started on port(s): 8080 (http) with context path ''
2023-09-11 17:06:40,255 INFO o.s.b.StartupInfoLogger [main] Started SmsApplication in 4.512 seconds (process running for 5.264)
2023-09-11 17:06:58,646 INFO o.s.w.s.FrameworkServlet [http-nio-8080-exec-2] Initializing Servlet 'dispatcherServlet'
2023-09-11 17:06:58,648 INFO o.s.w.s.FrameworkServlet [http-nio-8080-exec-2] Completed initialization in 1 ms
2023-09-11 17:06:58,698 INFO c.s.m.c.StudentController [http-nio-8080-exec-2] student created with namenull
2023-09-11 17:06:58,935 WARN o.h.e.j.s.SqlExceptionHelper [http-nio-8080-exec-2] SQL Error: 0, SQLState: 23502
2023-09-11 17:06:58,936 ERROR o.h.e.j.s.SqlExceptionHelper [http-nio-8080-exec-2] ERROR: null value in column "dob" of relation "student" violates not-null constraint
  Ayrıntı: Failing row contains (3, null, null, null).
2023-09-11 17:07:56,107 INFO o.s.o.j.AbstractEntityManagerFactoryBean [SpringApplicationShutdownHook] Closing JPA EntityManagerFactory for persistence unit 'default'
2023-09-11 17:07:56,110 INFO c.z.h.HikariDataSource [SpringApplicationShutdownHook] HikariPool-1 - Shutdown initiated...
2023-09-11 17:07:56,113 INFO c.z.h.HikariDataSource [SpringApplicationShutdownHook] HikariPool-1 - Shutdown completed.
2023-09-11 17:08:10,093 INFO o.h.v.i.u.Version [background-preinit] HV000001: Hibernate Validator 8.0.1.Final
2023-09-11 17:08:10,131 INFO o.s.b.StartupInfoLogger [main] Starting SmsApplication using Java 20.0.2 with PID 19108 (C:\Users\onsal\OneDrive\Masaüstü\ideaProjects\demo3\target\classes started by onsal in C:\Users\onsal\OneDrive\Masaüstü\ideaProjects\demo3)
2023-09-11 17:08:10,132 INFO o.s.b.SpringApplication [main] No active profile set, falling back to 1 default profile: "default"
2023-09-11 17:08:10,901 INFO o.s.d.r.c.RepositoryConfigurationDelegate [main] Bootstrapping Spring Data JPA repositories in DEFAULT mode.
2023-09-11 17:08:10,971 INFO o.s.d.r.c.RepositoryConfigurationDelegate [main] Finished Spring Data repository scanning in 60 ms. Found 3 JPA repository interfaces.
2023-09-11 17:08:11,548 INFO o.s.b.w.e.t.TomcatWebServer [main] Tomcat initialized with port(s): 8080 (http)
2023-09-11 17:08:11,661 INFO o.s.b.w.s.c.ServletWebServerApplicationContext [main] Root WebApplicationContext: initialization completed in 1481 ms
2023-09-11 17:08:11,813 INFO o.h.j.i.u.LogHelper [main] HHH000204: Processing PersistenceUnitInfo [name: default]
2023-09-11 17:08:11,896 INFO o.h.Version [main] HHH000412: Hibernate ORM core version 6.2.6.Final
2023-09-11 17:08:11,899 INFO o.h.c.Environment [main] HHH000406: Using bytecode reflection optimizer
2023-09-11 17:08:12,059 INFO o.h.b.i.BytecodeProviderInitiator [main] HHH000021: Bytecode provider name : bytebuddy
2023-09-11 17:08:12,224 INFO o.s.o.j.p.SpringPersistenceUnitInfo [main] No LoadTimeWeaver setup: ignoring JPA class transformer
2023-09-11 17:08:12,245 INFO c.z.h.HikariDataSource [main] HikariPool-1 - Starting...
2023-09-11 17:08:12,536 INFO c.z.h.p.HikariPool [main] HikariPool-1 - Added connection org.postgresql.jdbc.PgConnection@52f43225
2023-09-11 17:08:12,538 INFO c.z.h.HikariDataSource [main] HikariPool-1 - Start completed.
2023-09-11 17:08:12,865 INFO o.h.b.i.BytecodeProviderInitiator [main] HHH000021: Bytecode provider name : bytebuddy
2023-09-11 17:08:13,691 INFO o.h.e.t.j.p.i.JtaPlatformInitiator [main] HHH000490: Using JtaPlatform implementation: [org.hibernate.engine.transaction.jta.platform.internal.NoJtaPlatform]
2023-09-11 17:08:13,816 INFO o.s.o.j.AbstractEntityManagerFactoryBean [main] Initialized JPA EntityManagerFactory for persistence unit 'default'
2023-09-11 17:08:14,442 WARN o.s.b.a.o.j.JpaBaseConfiguration$JpaWebConfiguration [main] spring.jpa.open-in-view is enabled by default. Therefore, database queries may be performed during view rendering. Explicitly configure spring.jpa.open-in-view to disable this warning
2023-09-11 17:08:14,894 INFO o.s.b.w.e.t.TomcatWebServer [main] Tomcat started on port(s): 8080 (http) with context path ''
2023-09-11 17:08:14,941 INFO o.s.b.StartupInfoLogger [main] Started SmsApplication in 5.329 seconds (process running for 6.729)
2023-09-11 17:09:07,811 INFO o.s.o.j.AbstractEntityManagerFactoryBean [SpringApplicationShutdownHook] Closing JPA EntityManagerFactory for persistence unit 'default'
2023-09-11 17:09:07,813 INFO c.z.h.HikariDataSource [SpringApplicationShutdownHook] HikariPool-1 - Shutdown initiated...
2023-09-11 17:09:07,817 INFO c.z.h.HikariDataSource [SpringApplicationShutdownHook] HikariPool-1 - Shutdown completed.
2023-09-11 17:09:11,756 INFO o.h.v.i.u.Version [background-preinit] HV000001: Hibernate Validator 8.0.1.Final
2023-09-11 17:09:11,793 INFO o.s.b.StartupInfoLogger [main] Starting SmsApplication using Java 20.0.2 with PID 10596 (C:\Users\onsal\OneDrive\Masaüstü\ideaProjects\demo3\target\classes started by onsal in C:\Users\onsal\OneDrive\Masaüstü\ideaProjects\demo3)
2023-09-11 17:09:11,795 INFO o.s.b.SpringApplication [main] No active profile set, falling back to 1 default profile: "default"
2023-09-11 17:09:12,530 INFO o.s.d.r.c.RepositoryConfigurationDelegate [main] Bootstrapping Spring Data JPA repositories in DEFAULT mode.
2023-09-11 17:09:12,598 INFO o.s.d.r.c.RepositoryConfigurationDelegate [main] Finished Spring Data repository scanning in 58 ms. Found 3 JPA repository interfaces.
2023-09-11 17:09:13,124 INFO o.s.b.w.e.t.TomcatWebServer [main] Tomcat initialized with port(s): 8080 (http)
2023-09-11 17:09:13,231 INFO o.s.b.w.s.c.ServletWebServerApplicationContext [main] Root WebApplicationContext: initialization completed in 1389 ms
2023-09-11 17:09:13,391 INFO o.h.j.i.u.LogHelper [main] HHH000204: Processing PersistenceUnitInfo [name: default]
2023-09-11 17:09:13,448 INFO o.h.Version [main] HHH000412: Hibernate ORM core version 6.2.6.Final
2023-09-11 17:09:13,450 INFO o.h.c.Environment [main] HHH000406: Using bytecode reflection optimizer
2023-09-11 17:09:13,599 INFO o.h.b.i.BytecodeProviderInitiator [main] HHH000021: Bytecode provider name : bytebuddy
2023-09-11 17:09:13,736 INFO o.s.o.j.p.SpringPersistenceUnitInfo [main] No LoadTimeWeaver setup: ignoring JPA class transformer
2023-09-11 17:09:13,755 INFO c.z.h.HikariDataSource [main] HikariPool-1 - Starting...
2023-09-11 17:09:13,927 INFO c.z.h.p.HikariPool [main] HikariPool-1 - Added connection org.postgresql.jdbc.PgConnection@7ee12d58
2023-09-11 17:09:13,928 INFO c.z.h.HikariDataSource [main] HikariPool-1 - Start completed.
2023-09-11 17:09:14,255 INFO o.h.b.i.BytecodeProviderInitiator [main] HHH000021: Bytecode provider name : bytebuddy
2023-09-11 17:09:15,030 INFO o.h.e.t.j.p.i.JtaPlatformInitiator [main] HHH000490: Using JtaPlatform implementation: [org.hibernate.engine.transaction.jta.platform.internal.NoJtaPlatform]
2023-09-11 17:09:15,145 INFO o.s.o.j.AbstractEntityManagerFactoryBean [main] Initialized JPA EntityManagerFactory for persistence unit 'default'
2023-09-11 17:09:15,698 WARN o.s.b.a.o.j.JpaBaseConfiguration$JpaWebConfiguration [main] spring.jpa.open-in-view is enabled by default. Therefore, database queries may be performed during view rendering. Explicitly configure spring.jpa.open-in-view to disable this warning
2023-09-11 17:09:16,144 INFO o.s.b.w.e.t.TomcatWebServer [main] Tomcat started on port(s): 8080 (http) with context path ''
2023-09-11 17:09:16,153 INFO o.s.b.StartupInfoLogger [main] Started SmsApplication in 4.902 seconds (process running for 5.611)
2023-09-11 17:09:28,394 INFO o.s.w.s.FrameworkServlet [http-nio-8080-exec-1] Initializing Servlet 'dispatcherServlet'
2023-09-11 17:09:28,397 INFO o.s.w.s.FrameworkServlet [http-nio-8080-exec-1] Completed initialization in 1 ms
2023-09-11 17:09:28,503 WARN o.s.w.s.h.AbstractHandlerExceptionResolver [http-nio-8080-exec-1] Resolved [org.springframework.web.bind.MethodArgumentNotValidException: Validation failed for argument [1] in public org.springframework.http.ResponseEntity com.sms.management.controller.StudentController.registerNewStudent(org.springframework.ui.Model,com.sms.management.dto.CreateStudentDto) with 5 errors: [Field error in object 'createStudentDto' on field 'name': rejected value [null]; codes [NotNull.createStudentDto.name,NotNull.name,NotNull.java.lang.String,NotNull]; arguments [org.springframework.context.support.DefaultMessageSourceResolvable: codes [createStudentDto.name,name]; arguments []; default message [name]]; default message [boş değer olamaz]] [Field error in object 'createStudentDto' on field 'dob': rejected value [null]; codes [NotNull.createStudentDto.dob,NotNull.dob,NotNull.java.time.LocalDate,NotNull]; arguments [org.springframework.context.support.DefaultMessageSourceResolvable: codes [createStudentDto.dob,dob]; arguments []; default message [dob]]; default message [boş değer olamaz]] [Field error in object 'createStudentDto' on field 'email': rejected value [null]; codes [NotNull.createStudentDto.email,NotNull.email,NotNull.java.lang.String,NotNull]; arguments [org.springframework.context.support.DefaultMessageSourceResolvable: codes [createStudentDto.email,email]; arguments []; default message [email]]; default message [boş değer olamaz]] [Field error in object 'createStudentDto' on field 'name': rejected value [null]; codes [NotEmpty.createStudentDto.name,NotEmpty.name,NotEmpty.java.lang.String,NotEmpty]; arguments [org.springframework.context.support.DefaultMessageSourceResolvable: codes [createStudentDto.name,name]; arguments []; default message [name]]; default message [boş değer olamaz]] [Field error in object 'createStudentDto' on field 'email': rejected value [null]; codes [NotEmpty.createStudentDto.email,NotEmpty.email,NotEmpty.java.lang.String,NotEmpty]; arguments [org.springframework.context.support.DefaultMessageSourceResolvable: codes [createStudentDto.email,email]; arguments []; default message [email]]; default message [boş değer olamaz]] ]
2023-09-11 17:10:08,832 INFO o.s.o.j.AbstractEntityManagerFactoryBean [SpringApplicationShutdownHook] Closing JPA EntityManagerFactory for persistence unit 'default'
2023-09-11 17:10:08,836 INFO c.z.h.HikariDataSource [SpringApplicationShutdownHook] HikariPool-1 - Shutdown initiated...
2023-09-11 17:10:08,840 INFO c.z.h.HikariDataSource [SpringApplicationShutdownHook] HikariPool-1 - Shutdown completed.
2023-09-11 17:10:12,725 INFO o.h.v.i.u.Version [background-preinit] HV000001: Hibernate Validator 8.0.1.Final
2023-09-11 17:10:12,763 INFO o.s.b.StartupInfoLogger [main] Starting SmsApplication using Java 20.0.2 with PID 19940 (C:\Users\onsal\OneDrive\Masaüstü\ideaProjects\demo3\target\classes started by onsal in C:\Users\onsal\OneDrive\Masaüstü\ideaProjects\demo3)
2023-09-11 17:10:12,764 INFO o.s.b.SpringApplication [main] No active profile set, falling back to 1 default profile: "default"
2023-09-11 17:10:13,490 INFO o.s.d.r.c.RepositoryConfigurationDelegate [main] Bootstrapping Spring Data JPA repositories in DEFAULT mode.
2023-09-11 17:10:13,557 INFO o.s.d.r.c.RepositoryConfigurationDelegate [main] Finished Spring Data repository scanning in 58 ms. Found 3 JPA repository interfaces.
2023-09-11 17:10:14,058 INFO o.s.b.w.e.t.TomcatWebServer [main] Tomcat initialized with port(s): 8080 (http)
2023-09-11 17:10:14,163 INFO o.s.b.w.s.c.ServletWebServerApplicationContext [main] Root WebApplicationContext: initialization completed in 1350 ms
2023-09-11 17:10:14,306 INFO o.h.j.i.u.LogHelper [main] HHH000204: Processing PersistenceUnitInfo [name: default]
2023-09-11 17:10:14,366 INFO o.h.Version [main] HHH000412: Hibernate ORM core version 6.2.6.Final
2023-09-11 17:10:14,368 INFO o.h.c.Environment [main] HHH000406: Using bytecode reflection optimizer
2023-09-11 17:10:14,511 INFO o.h.b.i.BytecodeProviderInitiator [main] HHH000021: Bytecode provider name : bytebuddy
2023-09-11 17:10:14,644 INFO o.s.o.j.p.SpringPersistenceUnitInfo [main] No LoadTimeWeaver setup: ignoring JPA class transformer
2023-09-11 17:10:14,662 INFO c.z.h.HikariDataSource [main] HikariPool-1 - Starting...
2023-09-11 17:10:14,832 INFO c.z.h.p.HikariPool [main] HikariPool-1 - Added connection org.postgresql.jdbc.PgConnection@4315fe1b
2023-09-11 17:10:14,833 INFO c.z.h.HikariDataSource [main] HikariPool-1 - Start completed.
2023-09-11 17:10:15,117 INFO o.h.b.i.BytecodeProviderInitiator [main] HHH000021: Bytecode provider name : bytebuddy
2023-09-11 17:10:15,848 INFO o.h.e.t.j.p.i.JtaPlatformInitiator [main] HHH000490: Using JtaPlatform implementation: [org.hibernate.engine.transaction.jta.platform.internal.NoJtaPlatform]
2023-09-11 17:10:15,964 INFO o.s.o.j.AbstractEntityManagerFactoryBean [main] Initialized JPA EntityManagerFactory for persistence unit 'default'
2023-09-11 17:10:16,481 WARN o.s.b.a.o.j.JpaBaseConfiguration$JpaWebConfiguration [main] spring.jpa.open-in-view is enabled by default. Therefore, database queries may be performed during view rendering. Explicitly configure spring.jpa.open-in-view to disable this warning
2023-09-11 17:10:16,880 INFO o.s.b.w.e.t.TomcatWebServer [main] Tomcat started on port(s): 8080 (http) with context path ''
2023-09-11 17:10:16,888 INFO o.s.b.StartupInfoLogger [main] Started SmsApplication in 4.655 seconds (process running for 5.402)
2023-09-11 17:10:20,988 INFO o.s.w.s.FrameworkServlet [http-nio-8080-exec-1] Initializing Servlet 'dispatcherServlet'
2023-09-11 17:10:20,990 INFO o.s.w.s.FrameworkServlet [http-nio-8080-exec-1] Completed initialization in 1 ms
2023-09-11 17:10:29,089 INFO c.s.m.c.StudentController [http-nio-8080-exec-1] student creating with nameomer
2023-09-11 17:10:40,585 INFO c.s.m.c.StudentController [http-nio-8080-exec-3] get students methodu çalıştı: 
2023-09-11 17:13:33,451 INFO o.s.o.j.AbstractEntityManagerFactoryBean [SpringApplicationShutdownHook] Closing JPA EntityManagerFactory for persistence unit 'default'
2023-09-11 17:13:33,454 INFO c.z.h.HikariDataSource [SpringApplicationShutdownHook] HikariPool-1 - Shutdown initiated...
2023-09-11 17:13:33,457 INFO c.z.h.HikariDataSource [SpringApplicationShutdownHook] HikariPool-1 - Shutdown completed.
2023-09-11 17:20:48,684 INFO o.h.v.i.u.Version [background-preinit] HV000001: Hibernate Validator 8.0.1.Final
2023-09-11 17:20:48,728 INFO o.s.b.StartupInfoLogger [main] Starting SmsApplication using Java 20.0.2 with PID 12076 (C:\Users\onsal\OneDrive\Masaüstü\ideaProjects\demo3\target\classes started by onsal in C:\Users\onsal\OneDrive\Masaüstü\ideaProjects\demo3)
2023-09-11 17:20:48,729 INFO o.s.b.SpringApplication [main] No active profile set, falling back to 1 default profile: "default"
2023-09-11 17:20:49,500 INFO o.s.d.r.c.RepositoryConfigurationDelegate [main] Bootstrapping Spring Data JPA repositories in DEFAULT mode.
2023-09-11 17:20:49,566 INFO o.s.d.r.c.RepositoryConfigurationDelegate [main] Finished Spring Data repository scanning in 57 ms. Found 3 JPA repository interfaces.
2023-09-11 17:20:50,073 INFO o.s.b.w.e.t.TomcatWebServer [main] Tomcat initialized with port(s): 8080 (http)
2023-09-11 17:20:50,189 INFO o.s.b.w.s.c.ServletWebServerApplicationContext [main] Root WebApplicationContext: initialization completed in 1414 ms
2023-09-11 17:20:50,346 INFO o.h.j.i.u.LogHelper [main] HHH000204: Processing PersistenceUnitInfo [name: default]
2023-09-11 17:20:50,421 INFO o.h.Version [main] HHH000412: Hibernate ORM core version 6.2.6.Final
2023-09-11 17:20:50,424 INFO o.h.c.Environment [main] HHH000406: Using bytecode reflection optimizer
2023-09-11 17:20:50,583 INFO o.h.b.i.BytecodeProviderInitiator [main] HHH000021: Bytecode provider name : bytebuddy
2023-09-11 17:20:50,730 INFO o.s.o.j.p.SpringPersistenceUnitInfo [main] No LoadTimeWeaver setup: ignoring JPA class transformer
2023-09-11 17:20:50,751 INFO c.z.h.HikariDataSource [main] HikariPool-1 - Starting...
2023-09-11 17:20:50,946 INFO c.z.h.p.HikariPool [main] HikariPool-1 - Added connection org.postgresql.jdbc.PgConnection@4b98225c
2023-09-11 17:20:50,948 INFO c.z.h.HikariDataSource [main] HikariPool-1 - Start completed.
2023-09-11 17:20:51,252 INFO o.h.b.i.BytecodeProviderInitiator [main] HHH000021: Bytecode provider name : bytebuddy
2023-09-11 17:20:52,003 INFO o.h.e.t.j.p.i.JtaPlatformInitiator [main] HHH000490: Using JtaPlatform implementation: [org.hibernate.engine.transaction.jta.platform.internal.NoJtaPlatform]
2023-09-11 17:20:52,130 INFO o.s.o.j.AbstractEntityManagerFactoryBean [main] Initialized JPA EntityManagerFactory for persistence unit 'default'
2023-09-11 17:20:52,671 WARN o.s.b.a.o.j.JpaBaseConfiguration$JpaWebConfiguration [main] spring.jpa.open-in-view is enabled by default. Therefore, database queries may be performed during view rendering. Explicitly configure spring.jpa.open-in-view to disable this warning
2023-09-11 17:20:53,059 INFO o.s.b.w.e.t.TomcatWebServer [main] Tomcat started on port(s): 8080 (http) with context path ''
2023-09-11 17:20:53,067 INFO o.s.b.StartupInfoLogger [main] Started SmsApplication in 4.888 seconds (process running for 5.547)
2023-09-11 17:21:02,811 INFO o.s.w.s.FrameworkServlet [http-nio-8080-exec-1] Initializing Servlet 'dispatcherServlet'
2023-09-11 17:21:02,812 INFO o.s.w.s.FrameworkServlet [http-nio-8080-exec-1] Completed initialization in 1 ms
2023-09-11 17:21:08,960 INFO o.s.a.AbstractOpenApiResource [http-nio-8080-exec-6] Init duration for springdoc-openapi is: 337 ms
2023-09-11 17:21:12,179 INFO c.s.m.c.CourseController [http-nio-8080-exec-9] getCourses methodu çalıştı
2023-09-11 17:21:33,283 INFO c.s.m.c.StudentController [http-nio-8080-exec-4] get students methodu çalıştı: 
2023-09-11 17:21:45,122 INFO c.s.m.c.StudentController [http-nio-8080-exec-5] student assign course with id4
2023-09-11 17:22:27,499 INFO c.s.m.c.StudentController [http-nio-8080-exec-9] student creating with namesalih
2023-09-11 17:22:37,824 INFO c.s.m.c.StudentController [http-nio-8080-exec-1] student assign course with id2
2023-09-11 17:22:37,829 ERROR c.s.m.e.GlobalExceptionHandler [http-nio-8080-exec-1] student not found exception.student not found with id: 2
2023-09-11 17:22:45,173 INFO c.s.m.c.StudentController [http-nio-8080-exec-4] student assign course with id5
2023-09-11 17:28:35,778 INFO o.s.o.j.AbstractEntityManagerFactoryBean [SpringApplicationShutdownHook] Closing JPA EntityManagerFactory for persistence unit 'default'
2023-09-11 17:28:35,784 INFO c.z.h.HikariDataSource [SpringApplicationShutdownHook] HikariPool-1 - Shutdown initiated...
2023-09-11 17:28:35,789 INFO c.z.h.HikariDataSource [SpringApplicationShutdownHook] HikariPool-1 - Shutdown completed.
2023-09-11 17:28:40,478 INFO o.h.v.i.u.Version [background-preinit] HV000001: Hibernate Validator 8.0.1.Final
2023-09-11 17:28:40,518 INFO o.s.b.StartupInfoLogger [main] Starting SmsApplication using Java 20.0.2 with PID 24668 (C:\Users\onsal\OneDrive\Masaüstü\ideaProjects\demo3\target\classes started by onsal in C:\Users\onsal\OneDrive\Masaüstü\ideaProjects\demo3)
2023-09-11 17:28:40,519 INFO o.s.b.SpringApplication [main] No active profile set, falling back to 1 default profile: "default"
2023-09-11 17:28:41,216 INFO o.s.d.r.c.RepositoryConfigurationDelegate [main] Bootstrapping Spring Data JPA repositories in DEFAULT mode.
2023-09-11 17:28:41,280 INFO o.s.d.r.c.RepositoryConfigurationDelegate [main] Finished Spring Data repository scanning in 55 ms. Found 3 JPA repository interfaces.
2023-09-11 17:28:41,816 INFO o.s.b.w.e.t.TomcatWebServer [main] Tomcat initialized with port(s): 8080 (http)
2023-09-11 17:28:41,926 INFO o.s.b.w.s.c.ServletWebServerApplicationContext [main] Root WebApplicationContext: initialization completed in 1362 ms
2023-09-11 17:28:42,082 INFO o.h.j.i.u.LogHelper [main] HHH000204: Processing PersistenceUnitInfo [name: default]
2023-09-11 17:28:42,158 INFO o.h.Version [main] HHH000412: Hibernate ORM core version 6.2.6.Final
2023-09-11 17:28:42,162 INFO o.h.c.Environment [main] HHH000406: Using bytecode reflection optimizer
2023-09-11 17:28:42,319 INFO o.h.b.i.BytecodeProviderInitiator [main] HHH000021: Bytecode provider name : bytebuddy
2023-09-11 17:28:42,462 INFO o.s.o.j.p.SpringPersistenceUnitInfo [main] No LoadTimeWeaver setup: ignoring JPA class transformer
2023-09-11 17:28:42,479 INFO c.z.h.HikariDataSource [main] HikariPool-1 - Starting...
2023-09-11 17:28:42,647 INFO c.z.h.p.HikariPool [main] HikariPool-1 - Added connection org.postgresql.jdbc.PgConnection@4b85edeb
2023-09-11 17:28:42,649 INFO c.z.h.HikariDataSource [main] HikariPool-1 - Start completed.
2023-09-11 17:28:42,944 INFO o.h.b.i.BytecodeProviderInitiator [main] HHH000021: Bytecode provider name : bytebuddy
2023-09-11 17:28:43,666 INFO o.h.e.t.j.p.i.JtaPlatformInitiator [main] HHH000490: Using JtaPlatform implementation: [org.hibernate.engine.transaction.jta.platform.internal.NoJtaPlatform]
2023-09-11 17:28:43,784 INFO o.s.o.j.AbstractEntityManagerFactoryBean [main] Initialized JPA EntityManagerFactory for persistence unit 'default'
2023-09-11 17:28:44,272 WARN o.s.b.a.o.j.JpaBaseConfiguration$JpaWebConfiguration [main] spring.jpa.open-in-view is enabled by default. Therefore, database queries may be performed during view rendering. Explicitly configure spring.jpa.open-in-view to disable this warning
2023-09-11 17:28:44,646 INFO o.s.b.w.e.t.TomcatWebServer [main] Tomcat started on port(s): 8080 (http) with context path ''
2023-09-11 17:28:44,653 INFO o.s.b.StartupInfoLogger [main] Started SmsApplication in 4.652 seconds (process running for 5.311)
2023-09-11 17:28:59,002 INFO o.s.w.s.FrameworkServlet [http-nio-8080-exec-1] Initializing Servlet 'dispatcherServlet'
2023-09-11 17:28:59,003 INFO o.s.w.s.FrameworkServlet [http-nio-8080-exec-1] Completed initialization in 1 ms
2023-09-11 17:28:59,565 INFO o.s.a.AbstractOpenApiResource [http-nio-8080-exec-4] Init duration for springdoc-openapi is: 331 ms
2023-09-11 17:43:50,890 INFO o.s.o.j.AbstractEntityManagerFactoryBean [SpringApplicationShutdownHook] Closing JPA EntityManagerFactory for persistence unit 'default'
2023-09-11 17:43:50,924 INFO c.z.h.HikariDataSource [SpringApplicationShutdownHook] HikariPool-1 - Shutdown initiated...
2023-09-11 17:43:50,937 INFO c.z.h.HikariDataSource [SpringApplicationShutdownHook] HikariPool-1 - Shutdown completed.
